<?xml version="1.0" encoding="UTF-8"?>
<!-- Generated by org.testng.reporters.JUnitReportReporter -->
<testsuite hostname="CED-PC" failures="0" tests="1" name="PawTest_Automation.Login" time="17.113" errors="0" timestamp="2025-02-13T13:35:36 GMT+08:00" skipped="0">
  <testcase classname="PawTest_Automation.Login" name="LoginTest" time="17.113"/>
  <system-out/>
</testsuite> <!-- PawTest_Automation.Login -->
